{
"C:\\Users\\Spasi\\Desktop\\MyNewsFeed\\MyNewsFeed-App\\models\\article-model.js":{"path":"C:\\Users\\Spasi\\Desktop\\MyNewsFeed\\MyNewsFeed-App\\models\\article-model.js","s":{"1":0,"2":0,"3":0,"4":0,"5":0,"6":0,"7":0,"8":0,"9":0,"10":0,"11":0,"12":0,"13":0,"14":0,"15":0,"16":0,"17":0,"18":0,"19":0,"20":0,"21":0,"22":0,"23":0,"24":0,"25":0,"26":0,"27":0,"28":0,"29":0,"30":0,"31":0,"32":0,"33":0,"34":0,"35":0,"36":0,"37":0,"38":0,"39":0,"40":0,"41":0,"42":0,"43":0,"44":0,"45":0,"46":0},"b":{"1":[0,0],"2":[0,0],"3":[0,0],"4":[0,0],"5":[0,0],"6":[0,0],"7":[0,0],"8":[0,0],"9":[0,0],"10":[0,0]},"f":{"1":0,"2":0,"3":0,"4":0,"5":0,"6":0,"7":0,"8":0,"9":0,"10":0,"11":0,"12":0,"13":0,"14":0,"15":0,"16":0},"fnMap":{"1":{"name":"(anonymous_1)","line":4,"loc":{"start":{"line":4,"column":15},"end":{"line":4,"column":78}}},"2":{"name":"(anonymous_2)","line":14,"loc":{"start":{"line":14,"column":13},"end":{"line":14,"column":16}}},"3":{"name":"(anonymous_3)","line":18,"loc":{"start":{"line":18,"column":13},"end":{"line":18,"column":21}}},"4":{"name":"(anonymous_4)","line":29,"loc":{"start":{"line":29,"column":12},"end":{"line":29,"column":15}}},"5":{"name":"(anonymous_5)","line":33,"loc":{"start":{"line":33,"column":12},"end":{"line":33,"column":19}}},"6":{"name":"(anonymous_6)","line":44,"loc":{"start":{"line":44,"column":15},"end":{"line":44,"column":18}}},"7":{"name":"(anonymous_7)","line":48,"loc":{"start":{"line":48,"column":15},"end":{"line":48,"column":25}}},"8":{"name":"(anonymous_8)","line":59,"loc":{"start":{"line":59,"column":18},"end":{"line":59,"column":21}}},"9":{"name":"(anonymous_9)","line":63,"loc":{"start":{"line":63,"column":18},"end":{"line":63,"column":31}}},"10":{"name":"(anonymous_10)","line":74,"loc":{"start":{"line":74,"column":16},"end":{"line":74,"column":19}}},"11":{"name":"(anonymous_11)","line":78,"loc":{"start":{"line":78,"column":16},"end":{"line":78,"column":27}}},"12":{"name":"(anonymous_12)","line":82,"loc":{"start":{"line":82,"column":15},"end":{"line":82,"column":18}}},"13":{"name":"(anonymous_13)","line":86,"loc":{"start":{"line":86,"column":15},"end":{"line":86,"column":25}}},"14":{"name":"(anonymous_14)","line":97,"loc":{"start":{"line":97,"column":15},"end":{"line":97,"column":18}}},"15":{"name":"(anonymous_15)","line":101,"loc":{"start":{"line":101,"column":15},"end":{"line":101,"column":25}}},"16":{"name":"(anonymous_16)","line":105,"loc":{"start":{"line":105,"column":12},"end":{"line":105,"column":15}}}},"statementMap":{"1":{"start":{"line":1,"column":0},"end":{"line":1,"column":51}},"2":{"start":{"line":5,"column":8},"end":{"line":5,"column":26}},"3":{"start":{"line":6,"column":8},"end":{"line":6,"column":27}},"4":{"start":{"line":7,"column":8},"end":{"line":7,"column":25}},"5":{"start":{"line":8,"column":8},"end":{"line":8,"column":37}},"6":{"start":{"line":9,"column":8},"end":{"line":9,"column":31}},"7":{"start":{"line":10,"column":8},"end":{"line":10,"column":33}},"8":{"start":{"line":11,"column":8},"end":{"line":11,"column":31}},"9":{"start":{"line":12,"column":8},"end":{"line":12,"column":31}},"10":{"start":{"line":15,"column":8},"end":{"line":15,"column":27}},"11":{"start":{"line":19,"column":8},"end":{"line":21,"column":9}},"12":{"start":{"line":20,"column":11},"end":{"line":20,"column":42}},"13":{"start":{"line":22,"column":8},"end":{"line":24,"column":9}},"14":{"start":{"line":23,"column":11},"end":{"line":23,"column":43}},"15":{"start":{"line":26,"column":8},"end":{"line":26,"column":42}},"16":{"start":{"line":30,"column":8},"end":{"line":30,"column":27}},"17":{"start":{"line":34,"column":8},"end":{"line":36,"column":9}},"18":{"start":{"line":35,"column":11},"end":{"line":35,"column":41}},"19":{"start":{"line":37,"column":8},"end":{"line":39,"column":9}},"20":{"start":{"line":38,"column":11},"end":{"line":38,"column":42}},"21":{"start":{"line":41,"column":8},"end":{"line":41,"column":26}},"22":{"start":{"line":45,"column":8},"end":{"line":45,"column":29}},"23":{"start":{"line":49,"column":8},"end":{"line":51,"column":9}},"24":{"start":{"line":50,"column":11},"end":{"line":50,"column":44}},"25":{"start":{"line":52,"column":8},"end":{"line":54,"column":9}},"26":{"start":{"line":53,"column":11},"end":{"line":53,"column":45}},"27":{"start":{"line":56,"column":8},"end":{"line":56,"column":32}},"28":{"start":{"line":60,"column":8},"end":{"line":60,"column":32}},"29":{"start":{"line":64,"column":8},"end":{"line":66,"column":9}},"30":{"start":{"line":65,"column":11},"end":{"line":65,"column":47}},"31":{"start":{"line":67,"column":8},"end":{"line":69,"column":9}},"32":{"start":{"line":68,"column":11},"end":{"line":68,"column":48}},"33":{"start":{"line":71,"column":8},"end":{"line":71,"column":38}},"34":{"start":{"line":75,"column":8},"end":{"line":75,"column":30}},"35":{"start":{"line":79,"column":8},"end":{"line":79,"column":34}},"36":{"start":{"line":83,"column":8},"end":{"line":83,"column":29}},"37":{"start":{"line":87,"column":8},"end":{"line":89,"column":9}},"38":{"start":{"line":88,"column":11},"end":{"line":88,"column":44}},"39":{"start":{"line":90,"column":8},"end":{"line":92,"column":9}},"40":{"start":{"line":91,"column":11},"end":{"line":91,"column":45}},"41":{"start":{"line":94,"column":8},"end":{"line":94,"column":32}},"42":{"start":{"line":98,"column":8},"end":{"line":98,"column":29}},"43":{"start":{"line":102,"column":8},"end":{"line":102,"column":32}},"44":{"start":{"line":106,"column":8},"end":{"line":106,"column":45}},"45":{"start":{"line":107,"column":8},"end":{"line":116,"column":10}},"46":{"start":{"line":120,"column":0},"end":{"line":122,"column":2}}},"branchMap":{"1":{"line":19,"type":"if","locations":[{"start":{"line":19,"column":8},"end":{"line":19,"column":8}},{"start":{"line":19,"column":8},"end":{"line":19,"column":8}}]},"2":{"line":22,"type":"if","locations":[{"start":{"line":22,"column":8},"end":{"line":22,"column":8}},{"start":{"line":22,"column":8},"end":{"line":22,"column":8}}]},"3":{"line":34,"type":"if","locations":[{"start":{"line":34,"column":8},"end":{"line":34,"column":8}},{"start":{"line":34,"column":8},"end":{"line":34,"column":8}}]},"4":{"line":37,"type":"if","locations":[{"start":{"line":37,"column":8},"end":{"line":37,"column":8}},{"start":{"line":37,"column":8},"end":{"line":37,"column":8}}]},"5":{"line":49,"type":"if","locations":[{"start":{"line":49,"column":8},"end":{"line":49,"column":8}},{"start":{"line":49,"column":8},"end":{"line":49,"column":8}}]},"6":{"line":52,"type":"if","locations":[{"start":{"line":52,"column":8},"end":{"line":52,"column":8}},{"start":{"line":52,"column":8},"end":{"line":52,"column":8}}]},"7":{"line":64,"type":"if","locations":[{"start":{"line":64,"column":8},"end":{"line":64,"column":8}},{"start":{"line":64,"column":8},"end":{"line":64,"column":8}}]},"8":{"line":67,"type":"if","locations":[{"start":{"line":67,"column":8},"end":{"line":67,"column":8}},{"start":{"line":67,"column":8},"end":{"line":67,"column":8}}]},"9":{"line":87,"type":"if","locations":[{"start":{"line":87,"column":8},"end":{"line":87,"column":8}},{"start":{"line":87,"column":8},"end":{"line":87,"column":8}}]},"10":{"line":90,"type":"if","locations":[{"start":{"line":90,"column":8},"end":{"line":90,"column":8}},{"start":{"line":90,"column":8},"end":{"line":90,"column":8}}]}},"l":{"1":0,"5":0,"6":0,"7":0,"8":0,"9":0,"10":0,"11":0,"12":0,"15":0,"19":0,"20":0,"22":0,"23":0,"26":0,"30":0,"34":0,"35":0,"37":0,"38":0,"41":0,"45":0,"49":0,"50":0,"52":0,"53":0,"56":0,"60":0,"64":0,"65":0,"67":0,"68":0,"71":0,"75":0,"79":0,"83":0,"87":0,"88":0,"90":0,"91":0,"94":0,"98":0,"102":0,"106":0,"107":0,"120":0}},
"C:\\Users\\Spasi\\Desktop\\MyNewsFeed\\MyNewsFeed-App\\models\\category-model.js":{"path":"C:\\Users\\Spasi\\Desktop\\MyNewsFeed\\MyNewsFeed-App\\models\\category-model.js","s":{"1":2,"2":2,"3":2,"4":4,"5":4,"6":0,"7":0,"8":0,"9":0,"10":1},"b":{"1":[4,0],"2":[0,0]},"f":{"1":2,"2":2,"3":4,"4":0},"fnMap":{"1":{"name":"(anonymous_1)","line":2,"loc":{"start":{"line":2,"column":15},"end":{"line":2,"column":22}}},"2":{"name":"(anonymous_2)","line":6,"loc":{"start":{"line":6,"column":12},"end":{"line":6,"column":15}}},"3":{"name":"(anonymous_3)","line":9,"loc":{"start":{"line":9,"column":12},"end":{"line":9,"column":19}}},"4":{"name":"(anonymous_4)","line":22,"loc":{"start":{"line":22,"column":12},"end":{"line":22,"column":15}}}},"statementMap":{"1":{"start":{"line":3,"column":8},"end":{"line":3,"column":26}},"2":{"start":{"line":4,"column":8},"end":{"line":4,"column":25}},"3":{"start":{"line":7,"column":8},"end":{"line":7,"column":26}},"4":{"start":{"line":10,"column":8},"end":{"line":13,"column":9}},"5":{"start":{"line":12,"column":12},"end":{"line":12,"column":42}},"6":{"start":{"line":14,"column":8},"end":{"line":17,"column":9}},"7":{"start":{"line":16,"column":12},"end":{"line":16,"column":42}},"8":{"start":{"line":19,"column":8},"end":{"line":19,"column":40}},"9":{"start":{"line":23,"column":8},"end":{"line":26,"column":10}},"10":{"start":{"line":30,"column":0},"end":{"line":32,"column":2}}},"branchMap":{"1":{"line":10,"type":"if","locations":[{"start":{"line":10,"column":8},"end":{"line":10,"column":8}},{"start":{"line":10,"column":8},"end":{"line":10,"column":8}}]},"2":{"line":14,"type":"if","locations":[{"start":{"line":14,"column":8},"end":{"line":14,"column":8}},{"start":{"line":14,"column":8},"end":{"line":14,"column":8}}]}},"l":{"3":2,"4":2,"7":2,"10":4,"12":4,"14":0,"16":0,"19":0,"23":0,"30":1}},
"C:\\Users\\Spasi\\Desktop\\MyNewsFeed\\MyNewsFeed-App\\models\\feed-model.js":{"path":"C:\\Users\\Spasi\\Desktop\\MyNewsFeed\\MyNewsFeed-App\\models\\feed-model.js","s":{"1":1,"2":0,"3":0,"4":0,"5":0,"6":0,"7":0,"8":0,"9":0,"10":0,"11":0,"12":0,"13":0,"14":0,"15":0,"16":1},"b":{},"f":{"1":0,"2":0,"3":0,"4":0,"5":0,"6":0,"7":0,"8":0,"9":0,"10":0},"fnMap":{"1":{"name":"(anonymous_1)","line":4,"loc":{"start":{"line":4,"column":15},"end":{"line":5,"column":6}}},"2":{"name":"(anonymous_2)","line":12,"loc":{"start":{"line":12,"column":13},"end":{"line":12,"column":16}}},"3":{"name":"(anonymous_3)","line":15,"loc":{"start":{"line":15,"column":13},"end":{"line":15,"column":21}}},"4":{"name":"(anonymous_4)","line":18,"loc":{"start":{"line":18,"column":15},"end":{"line":18,"column":18}}},"5":{"name":"(anonymous_5)","line":21,"loc":{"start":{"line":21,"column":15},"end":{"line":21,"column":25}}},"6":{"name":"(anonymous_6)","line":24,"loc":{"start":{"line":24,"column":16},"end":{"line":24,"column":19}}},"7":{"name":"(anonymous_7)","line":27,"loc":{"start":{"line":27,"column":16},"end":{"line":27,"column":27}}},"8":{"name":"(anonymous_8)","line":30,"loc":{"start":{"line":30,"column":19},"end":{"line":30,"column":22}}},"9":{"name":"(anonymous_9)","line":33,"loc":{"start":{"line":33,"column":19},"end":{"line":33,"column":33}}},"10":{"name":"(anonymous_10)","line":36,"loc":{"start":{"line":36,"column":12},"end":{"line":36,"column":15}}}},"statementMap":{"1":{"start":{"line":1,"column":0},"end":{"line":1,"column":51}},"2":{"start":{"line":6,"column":8},"end":{"line":6,"column":27}},"3":{"start":{"line":7,"column":8},"end":{"line":7,"column":28}},"4":{"start":{"line":8,"column":8},"end":{"line":8,"column":32}},"5":{"start":{"line":9,"column":8},"end":{"line":9,"column":34}},"6":{"start":{"line":10,"column":8},"end":{"line":10,"column":40}},"7":{"start":{"line":13,"column":8},"end":{"line":13,"column":27}},"8":{"start":{"line":16,"column":8},"end":{"line":16,"column":42}},"9":{"start":{"line":19,"column":8},"end":{"line":19,"column":29}},"10":{"start":{"line":22,"column":8},"end":{"line":22,"column":40}},"11":{"start":{"line":25,"column":8},"end":{"line":25,"column":30}},"12":{"start":{"line":28,"column":8},"end":{"line":28,"column":34}},"13":{"start":{"line":31,"column":8},"end":{"line":31,"column":33}},"14":{"start":{"line":34,"column":8},"end":{"line":34,"column":40}},"15":{"start":{"line":37,"column":8},"end":{"line":43,"column":10}},"16":{"start":{"line":47,"column":0},"end":{"line":49,"column":2}}},"branchMap":{},"l":{"1":1,"6":0,"7":0,"8":0,"9":0,"10":0,"13":0,"16":0,"19":0,"22":0,"25":0,"28":0,"31":0,"34":0,"37":0,"47":1}},
"C:\\Users\\Spasi\\Desktop\\MyNewsFeed\\MyNewsFeed-App\\models\\user-model.js":{"path":"C:\\Users\\Spasi\\Desktop\\MyNewsFeed\\MyNewsFeed-App\\models\\user-model.js","s":{"1":0,"2":0,"3":0,"4":0,"5":0,"6":0,"7":0,"8":0,"9":0,"10":0,"11":0,"12":0,"13":0,"14":0,"15":0,"16":0,"17":0,"18":0,"19":0,"20":0,"21":0,"22":0,"23":0,"24":0,"25":0,"26":0,"27":0,"28":0,"29":1},"b":{},"f":{"1":0,"2":0,"3":0,"4":0,"5":0,"6":0,"7":0,"8":0,"9":0,"10":0,"11":0,"12":0,"13":0,"14":0,"15":0,"16":0,"17":0,"18":0,"19":0,"20":0},"fnMap":{"1":{"name":"(anonymous_1)","line":2,"loc":{"start":{"line":2,"column":13},"end":{"line":3,"column":52}}},"2":{"name":"(anonymous_2)","line":15,"loc":{"start":{"line":15,"column":14},"end":{"line":15,"column":17}}},"3":{"name":"(anonymous_3)","line":19,"loc":{"start":{"line":19,"column":14},"end":{"line":19,"column":25}}},"4":{"name":"(anonymous_4)","line":23,"loc":{"start":{"line":23,"column":14},"end":{"line":23,"column":17}}},"5":{"name":"(anonymous_5)","line":27,"loc":{"start":{"line":27,"column":14},"end":{"line":27,"column":25}}},"6":{"name":"(anonymous_6)","line":31,"loc":{"start":{"line":31,"column":11},"end":{"line":31,"column":14}}},"7":{"name":"(anonymous_7)","line":35,"loc":{"start":{"line":35,"column":11},"end":{"line":35,"column":19}}},"8":{"name":"(anonymous_8)","line":39,"loc":{"start":{"line":39,"column":14},"end":{"line":39,"column":17}}},"9":{"name":"(anonymous_9)","line":43,"loc":{"start":{"line":43,"column":14},"end":{"line":43,"column":25}}},"10":{"name":"(anonymous_10)","line":47,"loc":{"start":{"line":47,"column":23},"end":{"line":47,"column":26}}},"11":{"name":"(anonymous_11)","line":51,"loc":{"start":{"line":51,"column":23},"end":{"line":51,"column":43}}},"12":{"name":"(anonymous_12)","line":55,"loc":{"start":{"line":55,"column":16},"end":{"line":55,"column":19}}},"13":{"name":"(anonymous_13)","line":59,"loc":{"start":{"line":59,"column":16},"end":{"line":59,"column":23}}},"14":{"name":"(anonymous_14)","line":63,"loc":{"start":{"line":63,"column":11},"end":{"line":63,"column":14}}},"15":{"name":"(anonymous_15)","line":67,"loc":{"start":{"line":67,"column":11},"end":{"line":67,"column":21}}},"16":{"name":"(anonymous_16)","line":71,"loc":{"start":{"line":71,"column":15},"end":{"line":71,"column":18}}},"17":{"name":"(anonymous_17)","line":75,"loc":{"start":{"line":75,"column":15},"end":{"line":75,"column":23}}},"18":{"name":"(anonymous_18)","line":79,"loc":{"start":{"line":79,"column":18},"end":{"line":79,"column":21}}},"19":{"name":"(anonymous_19)","line":83,"loc":{"start":{"line":83,"column":18},"end":{"line":83,"column":26}}},"20":{"name":"(anonymous_20)","line":87,"loc":{"start":{"line":87,"column":10},"end":{"line":87,"column":13}}}},"statementMap":{"1":{"start":{"line":4,"column":4},"end":{"line":4,"column":29}},"2":{"start":{"line":5,"column":4},"end":{"line":5,"column":29}},"3":{"start":{"line":6,"column":4},"end":{"line":6,"column":23}},"4":{"start":{"line":7,"column":4},"end":{"line":7,"column":29}},"5":{"start":{"line":8,"column":4},"end":{"line":8,"column":47}},"6":{"start":{"line":9,"column":4},"end":{"line":9,"column":33}},"7":{"start":{"line":10,"column":4},"end":{"line":10,"column":23}},"8":{"start":{"line":11,"column":4},"end":{"line":11,"column":24}},"9":{"start":{"line":12,"column":4},"end":{"line":12,"column":27}},"10":{"start":{"line":16,"column":4},"end":{"line":16,"column":26}},"11":{"start":{"line":20,"column":4},"end":{"line":20,"column":30}},"12":{"start":{"line":24,"column":4},"end":{"line":24,"column":26}},"13":{"start":{"line":28,"column":4},"end":{"line":28,"column":30}},"14":{"start":{"line":32,"column":4},"end":{"line":32,"column":23}},"15":{"start":{"line":36,"column":4},"end":{"line":36,"column":24}},"16":{"start":{"line":40,"column":4},"end":{"line":40,"column":26}},"17":{"start":{"line":44,"column":4},"end":{"line":44,"column":30}},"18":{"start":{"line":48,"column":4},"end":{"line":48,"column":35}},"19":{"start":{"line":52,"column":4},"end":{"line":52,"column":48}},"20":{"start":{"line":56,"column":4},"end":{"line":56,"column":28}},"21":{"start":{"line":60,"column":4},"end":{"line":60,"column":28}},"22":{"start":{"line":64,"column":4},"end":{"line":64,"column":23}},"23":{"start":{"line":68,"column":4},"end":{"line":68,"column":26}},"24":{"start":{"line":72,"column":4},"end":{"line":72,"column":27}},"25":{"start":{"line":76,"column":4},"end":{"line":76,"column":28}},"26":{"start":{"line":80,"column":4},"end":{"line":80,"column":30}},"27":{"start":{"line":84,"column":4},"end":{"line":84,"column":31}},"28":{"start":{"line":88,"column":4},"end":{"line":98,"column":6}},"29":{"start":{"line":102,"column":0},"end":{"line":104,"column":2}}},"branchMap":{},"l":{"4":0,"5":0,"6":0,"7":0,"8":0,"9":0,"10":0,"11":0,"12":0,"16":0,"20":0,"24":0,"28":0,"32":0,"36":0,"40":0,"44":0,"48":0,"52":0,"56":0,"60":0,"64":0,"68":0,"72":0,"76":0,"80":0,"84":0,"88":0,"102":1}}}
