{
"C:\\Users\\Spasi\\Desktop\\MyNewsFeed\\MyNewsFeed-App\\models\\article-model.js":{"path":"C:\\Users\\Spasi\\Desktop\\MyNewsFeed\\MyNewsFeed-App\\models\\article-model.js","s":{"1":1,"2":3,"3":3,"4":3,"5":3,"6":3,"7":3,"8":3,"9":3,"10":3,"11":7,"12":2,"13":5,"14":2,"15":3,"16":3,"17":5,"18":1,"19":4,"20":1,"21":3,"22":5,"23":5,"24":1,"25":4,"26":1,"27":3,"28":3,"29":5,"30":1,"31":4,"32":1,"33":3,"34":3,"35":5,"36":3,"37":5,"38":1,"39":4,"40":1,"41":3,"42":3,"43":5,"44":2,"45":2,"46":1},"b":{"1":[2,5],"2":[2,3],"3":[1,4],"4":[1,3],"5":[1,4],"6":[1,3],"7":[1,4],"8":[1,3],"9":[1,4],"10":[1,3]},"f":{"1":3,"2":3,"3":7,"4":3,"5":5,"6":5,"7":5,"8":3,"9":5,"10":3,"11":5,"12":3,"13":5,"14":3,"15":5,"16":2},"fnMap":{"1":{"name":"(anonymous_1)","line":5,"loc":{"start":{"line":5,"column":15},"end":{"line":5,"column":78}}},"2":{"name":"(anonymous_2)","line":17,"loc":{"start":{"line":17,"column":13},"end":{"line":17,"column":16}}},"3":{"name":"(anonymous_3)","line":21,"loc":{"start":{"line":21,"column":13},"end":{"line":21,"column":21}}},"4":{"name":"(anonymous_4)","line":31,"loc":{"start":{"line":31,"column":12},"end":{"line":31,"column":15}}},"5":{"name":"(anonymous_5)","line":35,"loc":{"start":{"line":35,"column":12},"end":{"line":35,"column":19}}},"6":{"name":"(anonymous_6)","line":46,"loc":{"start":{"line":46,"column":15},"end":{"line":46,"column":18}}},"7":{"name":"(anonymous_7)","line":50,"loc":{"start":{"line":50,"column":15},"end":{"line":50,"column":25}}},"8":{"name":"(anonymous_8)","line":61,"loc":{"start":{"line":61,"column":18},"end":{"line":61,"column":21}}},"9":{"name":"(anonymous_9)","line":65,"loc":{"start":{"line":65,"column":18},"end":{"line":65,"column":31}}},"10":{"name":"(anonymous_10)","line":76,"loc":{"start":{"line":76,"column":16},"end":{"line":76,"column":19}}},"11":{"name":"(anonymous_11)","line":80,"loc":{"start":{"line":80,"column":16},"end":{"line":80,"column":27}}},"12":{"name":"(anonymous_12)","line":84,"loc":{"start":{"line":84,"column":15},"end":{"line":84,"column":18}}},"13":{"name":"(anonymous_13)","line":88,"loc":{"start":{"line":88,"column":15},"end":{"line":88,"column":25}}},"14":{"name":"(anonymous_14)","line":99,"loc":{"start":{"line":99,"column":15},"end":{"line":99,"column":18}}},"15":{"name":"(anonymous_15)","line":103,"loc":{"start":{"line":103,"column":15},"end":{"line":103,"column":25}}},"16":{"name":"(anonymous_16)","line":107,"loc":{"start":{"line":107,"column":12},"end":{"line":107,"column":15}}}},"statementMap":{"1":{"start":{"line":2,"column":0},"end":{"line":2,"column":51}},"2":{"start":{"line":7,"column":8},"end":{"line":7,"column":26}},"3":{"start":{"line":8,"column":8},"end":{"line":8,"column":27}},"4":{"start":{"line":9,"column":8},"end":{"line":9,"column":25}},"5":{"start":{"line":10,"column":8},"end":{"line":10,"column":37}},"6":{"start":{"line":11,"column":8},"end":{"line":11,"column":31}},"7":{"start":{"line":12,"column":8},"end":{"line":12,"column":33}},"8":{"start":{"line":13,"column":8},"end":{"line":13,"column":31}},"9":{"start":{"line":14,"column":8},"end":{"line":14,"column":31}},"10":{"start":{"line":18,"column":8},"end":{"line":18,"column":27}},"11":{"start":{"line":22,"column":8},"end":{"line":24,"column":9}},"12":{"start":{"line":23,"column":11},"end":{"line":23,"column":42}},"13":{"start":{"line":25,"column":8},"end":{"line":27,"column":9}},"14":{"start":{"line":26,"column":11},"end":{"line":26,"column":43}},"15":{"start":{"line":29,"column":8},"end":{"line":29,"column":42}},"16":{"start":{"line":32,"column":8},"end":{"line":32,"column":26}},"17":{"start":{"line":36,"column":8},"end":{"line":38,"column":9}},"18":{"start":{"line":37,"column":11},"end":{"line":37,"column":41}},"19":{"start":{"line":39,"column":8},"end":{"line":41,"column":9}},"20":{"start":{"line":40,"column":11},"end":{"line":40,"column":42}},"21":{"start":{"line":43,"column":8},"end":{"line":43,"column":26}},"22":{"start":{"line":47,"column":8},"end":{"line":47,"column":29}},"23":{"start":{"line":51,"column":8},"end":{"line":53,"column":9}},"24":{"start":{"line":52,"column":11},"end":{"line":52,"column":44}},"25":{"start":{"line":54,"column":8},"end":{"line":56,"column":9}},"26":{"start":{"line":55,"column":11},"end":{"line":55,"column":45}},"27":{"start":{"line":58,"column":8},"end":{"line":58,"column":32}},"28":{"start":{"line":62,"column":8},"end":{"line":62,"column":32}},"29":{"start":{"line":66,"column":8},"end":{"line":68,"column":9}},"30":{"start":{"line":67,"column":11},"end":{"line":67,"column":47}},"31":{"start":{"line":69,"column":8},"end":{"line":71,"column":9}},"32":{"start":{"line":70,"column":11},"end":{"line":70,"column":48}},"33":{"start":{"line":73,"column":8},"end":{"line":73,"column":38}},"34":{"start":{"line":77,"column":8},"end":{"line":77,"column":30}},"35":{"start":{"line":81,"column":8},"end":{"line":81,"column":34}},"36":{"start":{"line":85,"column":8},"end":{"line":85,"column":29}},"37":{"start":{"line":89,"column":8},"end":{"line":91,"column":9}},"38":{"start":{"line":90,"column":11},"end":{"line":90,"column":44}},"39":{"start":{"line":92,"column":8},"end":{"line":94,"column":9}},"40":{"start":{"line":93,"column":11},"end":{"line":93,"column":45}},"41":{"start":{"line":96,"column":8},"end":{"line":96,"column":32}},"42":{"start":{"line":100,"column":8},"end":{"line":100,"column":29}},"43":{"start":{"line":104,"column":8},"end":{"line":104,"column":32}},"44":{"start":{"line":108,"column":8},"end":{"line":108,"column":45}},"45":{"start":{"line":109,"column":8},"end":{"line":119,"column":10}},"46":{"start":{"line":123,"column":0},"end":{"line":125,"column":2}}},"branchMap":{"1":{"line":22,"type":"if","locations":[{"start":{"line":22,"column":8},"end":{"line":22,"column":8}},{"start":{"line":22,"column":8},"end":{"line":22,"column":8}}]},"2":{"line":25,"type":"if","locations":[{"start":{"line":25,"column":8},"end":{"line":25,"column":8}},{"start":{"line":25,"column":8},"end":{"line":25,"column":8}}]},"3":{"line":36,"type":"if","locations":[{"start":{"line":36,"column":8},"end":{"line":36,"column":8}},{"start":{"line":36,"column":8},"end":{"line":36,"column":8}}]},"4":{"line":39,"type":"if","locations":[{"start":{"line":39,"column":8},"end":{"line":39,"column":8}},{"start":{"line":39,"column":8},"end":{"line":39,"column":8}}]},"5":{"line":51,"type":"if","locations":[{"start":{"line":51,"column":8},"end":{"line":51,"column":8}},{"start":{"line":51,"column":8},"end":{"line":51,"column":8}}]},"6":{"line":54,"type":"if","locations":[{"start":{"line":54,"column":8},"end":{"line":54,"column":8}},{"start":{"line":54,"column":8},"end":{"line":54,"column":8}}]},"7":{"line":66,"type":"if","locations":[{"start":{"line":66,"column":8},"end":{"line":66,"column":8}},{"start":{"line":66,"column":8},"end":{"line":66,"column":8}}]},"8":{"line":69,"type":"if","locations":[{"start":{"line":69,"column":8},"end":{"line":69,"column":8}},{"start":{"line":69,"column":8},"end":{"line":69,"column":8}}]},"9":{"line":89,"type":"if","locations":[{"start":{"line":89,"column":8},"end":{"line":89,"column":8}},{"start":{"line":89,"column":8},"end":{"line":89,"column":8}}]},"10":{"line":92,"type":"if","locations":[{"start":{"line":92,"column":8},"end":{"line":92,"column":8}},{"start":{"line":92,"column":8},"end":{"line":92,"column":8}}]}},"l":{"2":1,"7":3,"8":3,"9":3,"10":3,"11":3,"12":3,"13":3,"14":3,"18":3,"22":7,"23":2,"25":5,"26":2,"29":3,"32":3,"36":5,"37":1,"39":4,"40":1,"43":3,"47":5,"51":5,"52":1,"54":4,"55":1,"58":3,"62":3,"66":5,"67":1,"69":4,"70":1,"73":3,"77":3,"81":5,"85":3,"89":5,"90":1,"92":4,"93":1,"96":3,"100":3,"104":5,"108":2,"109":2,"123":1}},
"C:\\Users\\Spasi\\Desktop\\MyNewsFeed\\MyNewsFeed-App\\models\\category-model.js":{"path":"C:\\Users\\Spasi\\Desktop\\MyNewsFeed\\MyNewsFeed-App\\models\\category-model.js","s":{"1":1,"2":1,"3":4,"4":3,"5":1,"6":2,"7":1,"8":1,"9":2,"10":1},"b":{"1":[1,2],"2":[1,1]},"f":{"1":1,"2":4,"3":3,"4":2},"fnMap":{"1":{"name":"(anonymous_1)","line":2,"loc":{"start":{"line":2,"column":15},"end":{"line":2,"column":22}}},"2":{"name":"(anonymous_2)","line":6,"loc":{"start":{"line":6,"column":12},"end":{"line":6,"column":15}}},"3":{"name":"(anonymous_3)","line":9,"loc":{"start":{"line":9,"column":12},"end":{"line":9,"column":19}}},"4":{"name":"(anonymous_4)","line":22,"loc":{"start":{"line":22,"column":12},"end":{"line":22,"column":15}}}},"statementMap":{"1":{"start":{"line":3,"column":8},"end":{"line":3,"column":25}},"2":{"start":{"line":4,"column":8},"end":{"line":4,"column":24}},"3":{"start":{"line":7,"column":8},"end":{"line":7,"column":26}},"4":{"start":{"line":10,"column":8},"end":{"line":13,"column":9}},"5":{"start":{"line":12,"column":12},"end":{"line":12,"column":42}},"6":{"start":{"line":14,"column":8},"end":{"line":17,"column":9}},"7":{"start":{"line":16,"column":12},"end":{"line":16,"column":42}},"8":{"start":{"line":19,"column":8},"end":{"line":19,"column":40}},"9":{"start":{"line":23,"column":8},"end":{"line":26,"column":6}},"10":{"start":{"line":30,"column":0},"end":{"line":32,"column":2}}},"branchMap":{"1":{"line":10,"type":"if","locations":[{"start":{"line":10,"column":8},"end":{"line":10,"column":8}},{"start":{"line":10,"column":8},"end":{"line":10,"column":8}}]},"2":{"line":14,"type":"if","locations":[{"start":{"line":14,"column":8},"end":{"line":14,"column":8}},{"start":{"line":14,"column":8},"end":{"line":14,"column":8}}]}},"l":{"3":1,"4":1,"7":4,"10":3,"12":1,"14":2,"16":1,"19":1,"23":2,"30":1}},
"C:\\Users\\Spasi\\Desktop\\MyNewsFeed\\MyNewsFeed-App\\models\\feed-model.js":{"path":"C:\\Users\\Spasi\\Desktop\\MyNewsFeed\\MyNewsFeed-App\\models\\feed-model.js","s":{"1":1,"2":3,"3":3,"4":3,"5":3,"6":3,"7":3,"8":7,"9":2,"10":5,"11":2,"12":3,"13":3,"14":5,"15":1,"16":4,"17":1,"18":3,"19":3,"20":5,"21":3,"22":5,"23":1,"24":4,"25":1,"26":3,"27":2,"28":1},"b":{"1":[2,5],"2":[2,3],"3":[1,4],"4":[1,3],"5":[1,4],"6":[1,3]},"f":{"1":3,"2":3,"3":7,"4":3,"5":5,"6":3,"7":5,"8":3,"9":5,"10":2},"fnMap":{"1":{"name":"(anonymous_1)","line":4,"loc":{"start":{"line":4,"column":15},"end":{"line":4,"column":55}}},"2":{"name":"(anonymous_2)","line":11,"loc":{"start":{"line":11,"column":13},"end":{"line":11,"column":16}}},"3":{"name":"(anonymous_3)","line":14,"loc":{"start":{"line":14,"column":13},"end":{"line":14,"column":21}}},"4":{"name":"(anonymous_4)","line":23,"loc":{"start":{"line":23,"column":15},"end":{"line":23,"column":18}}},"5":{"name":"(anonymous_5)","line":26,"loc":{"start":{"line":26,"column":15},"end":{"line":26,"column":25}}},"6":{"name":"(anonymous_6)","line":35,"loc":{"start":{"line":35,"column":16},"end":{"line":35,"column":19}}},"7":{"name":"(anonymous_7)","line":38,"loc":{"start":{"line":38,"column":16},"end":{"line":38,"column":27}}},"8":{"name":"(anonymous_8)","line":41,"loc":{"start":{"line":41,"column":19},"end":{"line":41,"column":22}}},"9":{"name":"(anonymous_9)","line":44,"loc":{"start":{"line":44,"column":19},"end":{"line":44,"column":33}}},"10":{"name":"(anonymous_10)","line":53,"loc":{"start":{"line":53,"column":12},"end":{"line":53,"column":15}}}},"statementMap":{"1":{"start":{"line":1,"column":0},"end":{"line":1,"column":51}},"2":{"start":{"line":5,"column":8},"end":{"line":5,"column":26}},"3":{"start":{"line":6,"column":8},"end":{"line":6,"column":27}},"4":{"start":{"line":7,"column":8},"end":{"line":7,"column":31}},"5":{"start":{"line":8,"column":8},"end":{"line":8,"column":33}},"6":{"start":{"line":9,"column":8},"end":{"line":9,"column":39}},"7":{"start":{"line":12,"column":8},"end":{"line":12,"column":27}},"8":{"start":{"line":15,"column":8},"end":{"line":17,"column":9}},"9":{"start":{"line":16,"column":11},"end":{"line":16,"column":42}},"10":{"start":{"line":18,"column":8},"end":{"line":20,"column":9}},"11":{"start":{"line":19,"column":11},"end":{"line":19,"column":43}},"12":{"start":{"line":21,"column":8},"end":{"line":21,"column":42}},"13":{"start":{"line":24,"column":8},"end":{"line":24,"column":29}},"14":{"start":{"line":27,"column":8},"end":{"line":29,"column":9}},"15":{"start":{"line":28,"column":11},"end":{"line":28,"column":44}},"16":{"start":{"line":30,"column":8},"end":{"line":32,"column":9}},"17":{"start":{"line":31,"column":11},"end":{"line":31,"column":45}},"18":{"start":{"line":33,"column":8},"end":{"line":33,"column":40}},"19":{"start":{"line":36,"column":8},"end":{"line":36,"column":30}},"20":{"start":{"line":39,"column":8},"end":{"line":39,"column":34}},"21":{"start":{"line":42,"column":8},"end":{"line":42,"column":33}},"22":{"start":{"line":45,"column":8},"end":{"line":47,"column":9}},"23":{"start":{"line":46,"column":11},"end":{"line":46,"column":48}},"24":{"start":{"line":48,"column":8},"end":{"line":50,"column":9}},"25":{"start":{"line":49,"column":11},"end":{"line":49,"column":49}},"26":{"start":{"line":51,"column":8},"end":{"line":51,"column":40}},"27":{"start":{"line":54,"column":8},"end":{"line":60,"column":10}},"28":{"start":{"line":64,"column":0},"end":{"line":66,"column":2}}},"branchMap":{"1":{"line":15,"type":"if","locations":[{"start":{"line":15,"column":8},"end":{"line":15,"column":8}},{"start":{"line":15,"column":8},"end":{"line":15,"column":8}}]},"2":{"line":18,"type":"if","locations":[{"start":{"line":18,"column":8},"end":{"line":18,"column":8}},{"start":{"line":18,"column":8},"end":{"line":18,"column":8}}]},"3":{"line":27,"type":"if","locations":[{"start":{"line":27,"column":8},"end":{"line":27,"column":8}},{"start":{"line":27,"column":8},"end":{"line":27,"column":8}}]},"4":{"line":30,"type":"if","locations":[{"start":{"line":30,"column":8},"end":{"line":30,"column":8}},{"start":{"line":30,"column":8},"end":{"line":30,"column":8}}]},"5":{"line":45,"type":"if","locations":[{"start":{"line":45,"column":8},"end":{"line":45,"column":8}},{"start":{"line":45,"column":8},"end":{"line":45,"column":8}}]},"6":{"line":48,"type":"if","locations":[{"start":{"line":48,"column":8},"end":{"line":48,"column":8}},{"start":{"line":48,"column":8},"end":{"line":48,"column":8}}]}},"l":{"1":1,"5":3,"6":3,"7":3,"8":3,"9":3,"12":3,"15":7,"16":2,"18":5,"19":2,"21":3,"24":3,"27":5,"28":1,"30":4,"31":1,"33":3,"36":3,"39":5,"42":3,"45":5,"46":1,"48":4,"49":1,"51":3,"54":2,"64":1}},
"C:\\Users\\Spasi\\Desktop\\MyNewsFeed\\MyNewsFeed-App\\models\\user-model.js":{"path":"C:\\Users\\Spasi\\Desktop\\MyNewsFeed\\MyNewsFeed-App\\models\\user-model.js","s":{"1":0,"2":0,"3":0,"4":0,"5":0,"6":0,"7":0,"8":0,"9":0,"10":0,"11":0,"12":0,"13":0,"14":0,"15":0,"16":0,"17":0,"18":0,"19":0,"20":0,"21":0,"22":0,"23":0,"24":0,"25":0,"26":0,"27":0,"28":0,"29":1},"b":{},"f":{"1":0,"2":0,"3":0,"4":0,"5":0,"6":0,"7":0,"8":0,"9":0,"10":0,"11":0,"12":0,"13":0,"14":0,"15":0,"16":0,"17":0,"18":0,"19":0,"20":0},"fnMap":{"1":{"name":"(anonymous_1)","line":2,"loc":{"start":{"line":2,"column":13},"end":{"line":3,"column":52}}},"2":{"name":"(anonymous_2)","line":15,"loc":{"start":{"line":15,"column":14},"end":{"line":15,"column":17}}},"3":{"name":"(anonymous_3)","line":19,"loc":{"start":{"line":19,"column":14},"end":{"line":19,"column":25}}},"4":{"name":"(anonymous_4)","line":23,"loc":{"start":{"line":23,"column":14},"end":{"line":23,"column":17}}},"5":{"name":"(anonymous_5)","line":27,"loc":{"start":{"line":27,"column":14},"end":{"line":27,"column":25}}},"6":{"name":"(anonymous_6)","line":31,"loc":{"start":{"line":31,"column":11},"end":{"line":31,"column":14}}},"7":{"name":"(anonymous_7)","line":35,"loc":{"start":{"line":35,"column":11},"end":{"line":35,"column":19}}},"8":{"name":"(anonymous_8)","line":39,"loc":{"start":{"line":39,"column":14},"end":{"line":39,"column":17}}},"9":{"name":"(anonymous_9)","line":43,"loc":{"start":{"line":43,"column":14},"end":{"line":43,"column":25}}},"10":{"name":"(anonymous_10)","line":47,"loc":{"start":{"line":47,"column":23},"end":{"line":47,"column":26}}},"11":{"name":"(anonymous_11)","line":51,"loc":{"start":{"line":51,"column":23},"end":{"line":51,"column":43}}},"12":{"name":"(anonymous_12)","line":55,"loc":{"start":{"line":55,"column":16},"end":{"line":55,"column":19}}},"13":{"name":"(anonymous_13)","line":59,"loc":{"start":{"line":59,"column":16},"end":{"line":59,"column":23}}},"14":{"name":"(anonymous_14)","line":63,"loc":{"start":{"line":63,"column":11},"end":{"line":63,"column":14}}},"15":{"name":"(anonymous_15)","line":67,"loc":{"start":{"line":67,"column":11},"end":{"line":67,"column":21}}},"16":{"name":"(anonymous_16)","line":71,"loc":{"start":{"line":71,"column":15},"end":{"line":71,"column":18}}},"17":{"name":"(anonymous_17)","line":75,"loc":{"start":{"line":75,"column":15},"end":{"line":75,"column":23}}},"18":{"name":"(anonymous_18)","line":79,"loc":{"start":{"line":79,"column":18},"end":{"line":79,"column":21}}},"19":{"name":"(anonymous_19)","line":83,"loc":{"start":{"line":83,"column":18},"end":{"line":83,"column":26}}},"20":{"name":"(anonymous_20)","line":87,"loc":{"start":{"line":87,"column":10},"end":{"line":87,"column":13}}}},"statementMap":{"1":{"start":{"line":4,"column":4},"end":{"line":4,"column":29}},"2":{"start":{"line":5,"column":4},"end":{"line":5,"column":29}},"3":{"start":{"line":6,"column":4},"end":{"line":6,"column":23}},"4":{"start":{"line":7,"column":4},"end":{"line":7,"column":29}},"5":{"start":{"line":8,"column":4},"end":{"line":8,"column":47}},"6":{"start":{"line":9,"column":4},"end":{"line":9,"column":33}},"7":{"start":{"line":10,"column":4},"end":{"line":10,"column":23}},"8":{"start":{"line":11,"column":4},"end":{"line":11,"column":24}},"9":{"start":{"line":12,"column":4},"end":{"line":12,"column":27}},"10":{"start":{"line":16,"column":4},"end":{"line":16,"column":26}},"11":{"start":{"line":20,"column":4},"end":{"line":20,"column":30}},"12":{"start":{"line":24,"column":4},"end":{"line":24,"column":26}},"13":{"start":{"line":28,"column":4},"end":{"line":28,"column":30}},"14":{"start":{"line":32,"column":4},"end":{"line":32,"column":23}},"15":{"start":{"line":36,"column":4},"end":{"line":36,"column":24}},"16":{"start":{"line":40,"column":4},"end":{"line":40,"column":26}},"17":{"start":{"line":44,"column":4},"end":{"line":44,"column":30}},"18":{"start":{"line":48,"column":4},"end":{"line":48,"column":35}},"19":{"start":{"line":52,"column":4},"end":{"line":52,"column":48}},"20":{"start":{"line":56,"column":4},"end":{"line":56,"column":28}},"21":{"start":{"line":60,"column":4},"end":{"line":60,"column":28}},"22":{"start":{"line":64,"column":4},"end":{"line":64,"column":23}},"23":{"start":{"line":68,"column":4},"end":{"line":68,"column":26}},"24":{"start":{"line":72,"column":4},"end":{"line":72,"column":27}},"25":{"start":{"line":76,"column":4},"end":{"line":76,"column":28}},"26":{"start":{"line":80,"column":4},"end":{"line":80,"column":30}},"27":{"start":{"line":84,"column":4},"end":{"line":84,"column":31}},"28":{"start":{"line":88,"column":4},"end":{"line":98,"column":6}},"29":{"start":{"line":102,"column":0},"end":{"line":104,"column":2}}},"branchMap":{},"l":{"4":0,"5":0,"6":0,"7":0,"8":0,"9":0,"10":0,"11":0,"12":0,"16":0,"20":0,"24":0,"28":0,"32":0,"36":0,"40":0,"44":0,"48":0,"52":0,"56":0,"60":0,"64":0,"68":0,"72":0,"76":0,"80":0,"84":0,"88":0,"102":1}}}
