TN:
SF:C:\Users\Spasi\Desktop\MyNewsFeed\MyNewsFeed-App\models\article-model.js
FN:5,(anonymous_1)
FN:16,(anonymous_2)
FN:19,(anonymous_3)
FN:29,(anonymous_4)
FN:32,(anonymous_5)
FN:42,(anonymous_6)
FN:45,(anonymous_7)
FN:55,(anonymous_8)
FN:58,(anonymous_9)
FN:68,(anonymous_10)
FN:71,(anonymous_11)
FN:74,(anonymous_12)
FN:77,(anonymous_13)
FN:87,(anonymous_14)
FN:90,(anonymous_15)
FN:94,(anonymous_16)
FNF:16
FNH:16
FNDA:3,(anonymous_1)
FNDA:3,(anonymous_2)
FNDA:7,(anonymous_3)
FNDA:3,(anonymous_4)
FNDA:5,(anonymous_5)
FNDA:5,(anonymous_6)
FNDA:5,(anonymous_7)
FNDA:3,(anonymous_8)
FNDA:5,(anonymous_9)
FNDA:3,(anonymous_10)
FNDA:5,(anonymous_11)
FNDA:3,(anonymous_12)
FNDA:5,(anonymous_13)
FNDA:3,(anonymous_14)
FNDA:5,(anonymous_15)
FNDA:2,(anonymous_16)
DA:2,1
DA:7,3
DA:8,3
DA:9,3
DA:10,3
DA:11,3
DA:12,3
DA:13,3
DA:14,3
DA:17,3
DA:20,7
DA:21,2
DA:23,5
DA:24,2
DA:27,3
DA:30,3
DA:33,5
DA:34,1
DA:36,4
DA:37,1
DA:40,3
DA:43,5
DA:46,5
DA:47,1
DA:49,4
DA:50,1
DA:53,3
DA:56,3
DA:59,5
DA:60,1
DA:62,4
DA:63,1
DA:66,3
DA:69,3
DA:72,5
DA:75,3
DA:78,5
DA:79,1
DA:81,4
DA:82,1
DA:85,3
DA:88,3
DA:91,5
DA:95,2
DA:96,2
DA:110,1
LF:46
LH:46
BRDA:20,1,0,2
BRDA:20,1,1,5
BRDA:23,2,0,2
BRDA:23,2,1,3
BRDA:33,3,0,1
BRDA:33,3,1,4
BRDA:36,4,0,1
BRDA:36,4,1,3
BRDA:46,5,0,1
BRDA:46,5,1,4
BRDA:49,6,0,1
BRDA:49,6,1,3
BRDA:59,7,0,1
BRDA:59,7,1,4
BRDA:62,8,0,1
BRDA:62,8,1,3
BRDA:78,9,0,1
BRDA:78,9,1,4
BRDA:81,10,0,1
BRDA:81,10,1,3
BRF:20
BRH:20
end_of_record
TN:
SF:C:\Users\Spasi\Desktop\MyNewsFeed\MyNewsFeed-App\models\category-model.js
FN:2,(anonymous_1)
FN:6,(anonymous_2)
FN:9,(anonymous_3)
FN:22,(anonymous_4)
FNF:4
FNH:4
FNDA:1,(anonymous_1)
FNDA:4,(anonymous_2)
FNDA:3,(anonymous_3)
FNDA:2,(anonymous_4)
DA:3,1
DA:4,1
DA:7,4
DA:10,3
DA:12,1
DA:14,2
DA:16,1
DA:19,1
DA:23,2
DA:30,1
LF:10
LH:10
BRDA:10,1,0,1
BRDA:10,1,1,2
BRDA:14,2,0,1
BRDA:14,2,1,1
BRF:4
BRH:4
end_of_record
TN:
SF:C:\Users\Spasi\Desktop\MyNewsFeed\MyNewsFeed-App\models\feed-model.js
FN:4,(anonymous_1)
FN:11,(anonymous_2)
FN:14,(anonymous_3)
FN:23,(anonymous_4)
FN:26,(anonymous_5)
FN:35,(anonymous_6)
FN:38,(anonymous_7)
FN:41,(anonymous_8)
FN:44,(anonymous_9)
FN:53,(anonymous_10)
FNF:10
FNH:10
FNDA:3,(anonymous_1)
FNDA:3,(anonymous_2)
FNDA:7,(anonymous_3)
FNDA:3,(anonymous_4)
FNDA:5,(anonymous_5)
FNDA:3,(anonymous_6)
FNDA:5,(anonymous_7)
FNDA:3,(anonymous_8)
FNDA:5,(anonymous_9)
FNDA:2,(anonymous_10)
DA:1,1
DA:5,3
DA:6,3
DA:7,3
DA:8,3
DA:9,3
DA:12,3
DA:15,7
DA:16,2
DA:18,5
DA:19,2
DA:21,3
DA:24,3
DA:27,5
DA:28,1
DA:30,4
DA:31,1
DA:33,3
DA:36,3
DA:39,5
DA:42,3
DA:45,5
DA:46,1
DA:48,4
DA:49,1
DA:51,3
DA:54,2
DA:64,1
LF:28
LH:28
BRDA:15,1,0,2
BRDA:15,1,1,5
BRDA:18,2,0,2
BRDA:18,2,1,3
BRDA:27,3,0,1
BRDA:27,3,1,4
BRDA:30,4,0,1
BRDA:30,4,1,3
BRDA:45,5,0,1
BRDA:45,5,1,4
BRDA:48,6,0,1
BRDA:48,6,1,3
BRF:12
BRH:12
end_of_record
TN:
SF:C:\Users\Spasi\Desktop\MyNewsFeed\MyNewsFeed-App\models\user-model.js
FN:2,(anonymous_1)
FN:15,(anonymous_2)
FN:19,(anonymous_3)
FN:23,(anonymous_4)
FN:27,(anonymous_5)
FN:37,(anonymous_6)
FN:41,(anonymous_7)
FN:51,(anonymous_8)
FN:55,(anonymous_9)
FN:65,(anonymous_10)
FN:69,(anonymous_11)
FN:73,(anonymous_12)
FN:77,(anonymous_13)
FN:86,(anonymous_14)
FN:90,(anonymous_15)
FN:97,(anonymous_16)
FN:101,(anonymous_17)
FN:107,(anonymous_18)
FN:111,(anonymous_19)
FN:126,(anonymous_20)
FNF:20
FNH:20
FNDA:3,(anonymous_1)
FNDA:3,(anonymous_2)
FNDA:5,(anonymous_3)
FNDA:3,(anonymous_4)
FNDA:7,(anonymous_5)
FNDA:3,(anonymous_6)
FNDA:5,(anonymous_7)
FNDA:3,(anonymous_8)
FNDA:5,(anonymous_9)
FNDA:3,(anonymous_10)
FNDA:5,(anonymous_11)
FNDA:2,(anonymous_12)
FNDA:5,(anonymous_13)
FNDA:4,(anonymous_14)
FNDA:4,(anonymous_15)
FNDA:4,(anonymous_16)
FNDA:4,(anonymous_17)
FNDA:2,(anonymous_18)
FNDA:6,(anonymous_19)
FNDA:2,(anonymous_20)
DA:4,3
DA:5,3
DA:6,3
DA:7,3
DA:8,3
DA:9,3
DA:10,3
DA:11,3
DA:12,3
DA:16,3
DA:20,5
DA:24,3
DA:28,7
DA:29,2
DA:31,5
DA:32,2
DA:34,3
DA:38,3
DA:42,5
DA:43,1
DA:45,4
DA:46,1
DA:48,3
DA:52,3
DA:56,5
DA:57,1
DA:59,4
DA:60,1
DA:62,3
DA:66,3
DA:70,5
DA:74,2
DA:78,5
DA:79,1
DA:81,4
DA:82,1
DA:84,3
DA:87,4
DA:91,4
DA:92,1
DA:94,3
DA:98,4
DA:102,4
DA:103,1
DA:105,3
DA:108,2
DA:112,6
DA:113,1
DA:115,5
DA:116,1
DA:119,4
DA:120,1
DA:123,3
DA:127,2
DA:141,1
LF:55
LH:55
BRDA:28,1,0,2
BRDA:28,1,1,5
BRDA:31,2,0,2
BRDA:31,2,1,3
BRDA:42,3,0,1
BRDA:42,3,1,4
BRDA:45,4,0,1
BRDA:45,4,1,3
BRDA:56,5,0,1
BRDA:56,5,1,4
BRDA:59,6,0,1
BRDA:59,6,1,3
BRDA:78,7,0,1
BRDA:78,7,1,4
BRDA:81,8,0,1
BRDA:81,8,1,3
BRDA:91,9,0,1
BRDA:91,9,1,3
BRDA:102,10,0,1
BRDA:102,10,1,3
BRDA:112,11,0,1
BRDA:112,11,1,5
BRDA:115,12,0,1
BRDA:115,12,1,4
BRDA:119,13,0,1
BRDA:119,13,1,3
BRF:26
BRH:26
end_of_record
